This is pdfTeX, Version 3.141592653-2.6-1.40.26 (TeX Live 2024) (preloaded format=pdflatex 2024.3.25)  22 JUN 2024 13:53
entering extended mode
 restricted \write18 enabled.
 %&-line parsing enabled.
**MontageAnleitung.tex
(./MontageAnleitung.tex
LaTeX2e <2023-11-01> patch level 1
L3 programming layer <2024-03-14>
(c:/texlive/2024/texmf-dist/tex/latex/koma-script/scrbook.cls
Document Class: scrbook 2023/07/07 v3.41 KOMA-Script document class (book)
(c:/texlive/2024/texmf-dist/tex/latex/koma-script/scrkbase.sty
Package: scrkbase 2023/07/07 v3.41 KOMA-Script package (KOMA-Script-dependent b
asics and keyval usage)

(c:/texlive/2024/texmf-dist/tex/latex/koma-script/scrbase.sty
Package: scrbase 2023/07/07 v3.41 KOMA-Script package (KOMA-Script-independent 
basics and keyval usage)

(c:/texlive/2024/texmf-dist/tex/latex/koma-script/scrlfile.sty
Package: scrlfile 2023/07/07 v3.41 KOMA-Script package (file load hooks)

(c:/texlive/2024/texmf-dist/tex/latex/koma-script/scrlfile-hook.sty
Package: scrlfile-hook 2023/07/07 v3.41 KOMA-Script package (using LaTeX hooks)


(c:/texlive/2024/texmf-dist/tex/latex/koma-script/scrlogo.sty
Package: scrlogo 2023/07/07 v3.41 KOMA-Script package (logo)
)))
(c:/texlive/2024/texmf-dist/tex/latex/graphics/keyval.sty
Package: keyval 2022/05/29 v1.15 key=value parser (DPC)
\KV@toks@=\toks17
)
Applying: [2021/05/01] Usage of raw or classic option list on input line 252.
Already applied: [0000/00/00] Usage of raw or classic option list on input line
 368.
))
(c:/texlive/2024/texmf-dist/tex/latex/koma-script/tocbasic.sty
Package: tocbasic 2023/07/07 v3.41 KOMA-Script package (handling toc-files)
\scr@dte@tocline@numberwidth=\skip48
\scr@dte@tocline@numbox=\box51
)
Package tocbasic Info: omitting babel extension for `toc'
(tocbasic)             because of feature `nobabel' available
(tocbasic)             for `toc' on input line 135.
Package scrbook Info: You've used standard option `12pt'.
(scrbook)             This is correct!
(scrbook)             Internally I'm using `fontsize=12pt'.
(scrbook)             If you'd like to set the option with \KOMAoptions,
(scrbook)             you'd have to use `fontsize=12pt' there
(scrbook)             instead of `12pt', too.
Class scrbook Info: File `scrsize12pt.clo' used to setup font sizes on input li
ne 2691.

(c:/texlive/2024/texmf-dist/tex/latex/koma-script/scrsize12pt.clo
File: scrsize12pt.clo 2023/07/07 v3.41 KOMA-Script font size class option (12pt
)
)
(c:/texlive/2024/texmf-dist/tex/latex/koma-script/typearea.sty
Package: typearea 2023/07/07 v3.41 KOMA-Script package (type area)
\ta@bcor=\skip49
\ta@div=\count188
Package typearea Info: You've used standard option `a4paper'.
(typearea)             This is correct!
(typearea)             Internally I'm using `paper=a4'.
(typearea)             If you'd like to set the option with \KOMAoptions,
(typearea)             you'd have to use `paper=a4' there
(typearea)             instead of `a4paper', too.
\ta@hblk=\skip50
\ta@vblk=\skip51
\ta@temp=\skip52
\footheight=\skip53
Package typearea Info: These are the values describing the layout:
(typearea)             DIV  = 12
(typearea)             BCOR = 0.0pt
(typearea)             \paperwidth      = 597.50793pt
(typearea)              \textwidth      = 448.13095pt
(typearea)              DIV departure   = -6%
(typearea)              \evensidemargin = 27.31467pt
(typearea)              \oddsidemargin  = -22.47766pt
(typearea)             \paperheight     = 845.04694pt
(typearea)              \textheight     = 635.5pt
(typearea)              \topmargin      = -41.72441pt
(typearea)              \headheight     = 18.125pt
(typearea)              \headsep        = 21.75pt
(typearea)              \topskip        = 12.0pt
(typearea)              \footskip       = 50.75pt
(typearea)              \baselineskip   = 14.5pt
(typearea)              on input line 1799.
)
\c@part=\count189
\c@chapter=\count190
\c@section=\count191
\c@subsection=\count192
\c@subsubsection=\count193
\c@paragraph=\count194
\c@subparagraph=\count195
\scr@dte@chapter@maxnumwidth=\skip54
Class scrbook Info: using compatibility default `afterindent=bysign'
(scrbook)           for `\chapter on input line 5990.
\scr@dte@section@maxnumwidth=\skip55
Class scrbook Info: using compatibility default `runin=bysign'
(scrbook)           for `\section on input line 6001.
Class scrbook Info: using compatibility default `afterindent=bysign'
(scrbook)           for `\section on input line 6001.
\scr@dte@part@maxnumwidth=\skip56
Class scrbook Info: using compatibility default `afterindent=true'
(scrbook)           for `\part on input line 6010.
\scr@dte@subsection@maxnumwidth=\skip57
Class scrbook Info: using compatibility default `runin=bysign'
(scrbook)           for `\subsection on input line 6020.
Class scrbook Info: using compatibility default `afterindent=bysign'
(scrbook)           for `\subsection on input line 6020.
\scr@dte@subsubsection@maxnumwidth=\skip58
Class scrbook Info: using compatibility default `runin=bysign'
(scrbook)           for `\subsubsection on input line 6030.
Class scrbook Info: using compatibility default `afterindent=bysign'
(scrbook)           for `\subsubsection on input line 6030.
\scr@dte@paragraph@maxnumwidth=\skip59
Class scrbook Info: using compatibility default `runin=bysign'
(scrbook)           for `\paragraph on input line 6041.
Class scrbook Info: using compatibility default `afterindent=bysign'
(scrbook)           for `\paragraph on input line 6041.
\scr@dte@subparagraph@maxnumwidth=\skip60
Class scrbook Info: using compatibility default `runin=bysign'
(scrbook)           for `\subparagraph on input line 6051.
Class scrbook Info: using compatibility default `afterindent=bysign'
(scrbook)           for `\subparagraph on input line 6051.
\abovecaptionskip=\skip61
\belowcaptionskip=\skip62
\c@pti@nb@sid@b@x=\box52
Package tocbasic Info: omitting babel extension for `lof'
(tocbasic)             because of feature `nobabel' available
(tocbasic)             for `lof' on input line 7242.
\scr@dte@figure@maxnumwidth=\skip63
\c@figure=\count196
Package tocbasic Info: omitting babel extension for `lot'
(tocbasic)             because of feature `nobabel' available
(tocbasic)             for `lot' on input line 7259.
\scr@dte@table@maxnumwidth=\skip64
\c@table=\count197
Class scrbook Info: Redefining `\numberline' on input line 7430.
\bibindent=\dimen140
)

LaTeX Warning: \include should only be used after \begin{document} on input lin
e 18.

(./General/Packages.tex (c:/texlive/2024/texmf-dist/tex/latex/base/inputenc.sty
Package: inputenc 2021/02/14 v1.3d Input encoding file
\inpenc@prehook=\toks18
\inpenc@posthook=\toks19
) (c:/texlive/2024/texmf-dist/tex/latex/base/fontenc.sty
Package: fontenc 2021/04/29 v2.0v Standard LaTeX package
)
(c:/texlive/2024/texmf-dist/tex/generic/babel/babel.sty
Package: babel 2024/02/07 v24.2 The Babel package
\babel@savecnt=\count198
\U@D=\dimen141
\l@unhyphenated=\language89

(c:/texlive/2024/texmf-dist/tex/generic/babel/txtbabel.def)
\bbl@readstream=\read2
\bbl@dirlevel=\count199

(c:/texlive/2024/texmf-dist/tex/generic/babel-german/ngerman.ldf
Language: ngerman 2024/01/19 v2.14 German support for babel (post-1996 orthogra
phy)

(c:/texlive/2024/texmf-dist/tex/generic/babel-german/ngermanb.ldf
Language: ngermanb 2024/01/19 v2.14 German support for babel (post-1996 orthogr
aphy)
Package babel Info: Making " an active character on input line 122.
)))
(c:/texlive/2024/texmf-dist/tex/generic/babel/locale/de/babel-ngerman.tex
Package babel Info: Importing font and identification data for ngerman
(babel)             from babel-de.ini. Reported on input line 11.
)
(c:/texlive/2024/texmf-dist/tex/latex/amsmath/amsmath.sty
Package: amsmath 2023/05/13 v2.17o AMS math features
\@mathmargin=\skip65

For additional information on amsmath, use the `?' option.
(c:/texlive/2024/texmf-dist/tex/latex/amsmath/amstext.sty
Package: amstext 2021/08/26 v2.01 AMS text

(c:/texlive/2024/texmf-dist/tex/latex/amsmath/amsgen.sty
File: amsgen.sty 1999/11/30 v2.0 generic functions
\@emptytoks=\toks20
\ex@=\dimen142
))
(c:/texlive/2024/texmf-dist/tex/latex/amsmath/amsbsy.sty
Package: amsbsy 1999/11/29 v1.2d Bold Symbols
\pmbraise@=\dimen143
)
(c:/texlive/2024/texmf-dist/tex/latex/amsmath/amsopn.sty
Package: amsopn 2022/04/08 v2.04 operator names
)
\inf@bad=\count266
LaTeX Info: Redefining \frac on input line 234.
\uproot@=\count267
\leftroot@=\count268
LaTeX Info: Redefining \overline on input line 399.
LaTeX Info: Redefining \colon on input line 410.
\classnum@=\count269
\DOTSCASE@=\count270
LaTeX Info: Redefining \ldots on input line 496.
LaTeX Info: Redefining \dots on input line 499.
LaTeX Info: Redefining \cdots on input line 620.
\Mathstrutbox@=\box53
\strutbox@=\box54
LaTeX Info: Redefining \big on input line 722.
LaTeX Info: Redefining \Big on input line 723.
LaTeX Info: Redefining \bigg on input line 724.
LaTeX Info: Redefining \Bigg on input line 725.
\big@size=\dimen144
LaTeX Font Info:    Redeclaring font encoding OML on input line 743.
LaTeX Font Info:    Redeclaring font encoding OMS on input line 744.
\macc@depth=\count271
LaTeX Info: Redefining \bmod on input line 905.
LaTeX Info: Redefining \pmod on input line 910.
LaTeX Info: Redefining \smash on input line 940.
LaTeX Info: Redefining \relbar on input line 970.
LaTeX Info: Redefining \Relbar on input line 971.
\c@MaxMatrixCols=\count272
\dotsspace@=\muskip16
\c@parentequation=\count273
\dspbrk@lvl=\count274
\tag@help=\toks21
\row@=\count275
\column@=\count276
\maxfields@=\count277
\andhelp@=\toks22
\eqnshift@=\dimen145
\alignsep@=\dimen146
\tagshift@=\dimen147
\tagwidth@=\dimen148
\totwidth@=\dimen149
\lineht@=\dimen150
\@envbody=\toks23
\multlinegap=\skip66
\multlinetaggap=\skip67
\mathdisplay@stack=\toks24
LaTeX Info: Redefining \[ on input line 2953.
LaTeX Info: Redefining \] on input line 2954.
)
(c:/texlive/2024/texmf-dist/tex/latex/amsfonts/amsfonts.sty
Package: amsfonts 2013/01/14 v3.01 Basic AMSFonts support
\symAMSa=\mathgroup4
\symAMSb=\mathgroup5
LaTeX Font Info:    Redeclaring math symbol \hbar on input line 98.
LaTeX Font Info:    Overwriting math alphabet `\mathfrak' in version `bold'
(Font)                  U/euf/m/n --> U/euf/b/n on input line 106.
)
(c:/texlive/2024/texmf-dist/tex/latex/amsfonts/amssymb.sty
Package: amssymb 2013/01/14 v3.01 AMS font symbols
)
(c:/texlive/2024/texmf-dist/tex/latex/graphics/graphicx.sty
Package: graphicx 2021/09/16 v1.2d Enhanced LaTeX Graphics (DPC,SPQR)

(c:/texlive/2024/texmf-dist/tex/latex/graphics/graphics.sty
Package: graphics 2022/03/10 v1.4e Standard LaTeX Graphics (DPC,SPQR)

(c:/texlive/2024/texmf-dist/tex/latex/graphics/trig.sty
Package: trig 2021/08/11 v1.11 sin cos tan (DPC)
)
(c:/texlive/2024/texmf-dist/tex/latex/graphics-cfg/graphics.cfg
File: graphics.cfg 2016/06/04 v1.11 sample graphics configuration
)
Package graphics Info: Driver file: pdftex.def on input line 107.

(c:/texlive/2024/texmf-dist/tex/latex/graphics-def/pdftex.def
File: pdftex.def 2022/09/22 v1.2b Graphics/color driver for pdftex
))
\Gin@req@height=\dimen151
\Gin@req@width=\dimen152
)
(c:/texlive/2024/texmf-dist/tex/latex/float/float.sty
Package: float 2001/11/08 v1.3d Float enhancements (AL)
\c@float@type=\count278
\float@exts=\toks25
\float@box=\box55
\@float@everytoks=\toks26
\@floatcapt=\box56
)
(c:/texlive/2024/texmf-dist/tex/latex/hyperref/hyperref.sty
Package: hyperref 2024-01-20 v7.01h Hypertext links for LaTeX

(c:/texlive/2024/texmf-dist/tex/generic/iftex/iftex.sty
Package: iftex 2022/02/03 v1.0f TeX engine tests
)
(c:/texlive/2024/texmf-dist/tex/latex/kvsetkeys/kvsetkeys.sty
Package: kvsetkeys 2022-10-05 v1.19 Key value parser (HO)
)
(c:/texlive/2024/texmf-dist/tex/generic/kvdefinekeys/kvdefinekeys.sty
Package: kvdefinekeys 2019-12-19 v1.6 Define keys (HO)
)
(c:/texlive/2024/texmf-dist/tex/generic/pdfescape/pdfescape.sty
Package: pdfescape 2019/12/09 v1.15 Implements pdfTeX's escape features (HO)

(c:/texlive/2024/texmf-dist/tex/generic/ltxcmds/ltxcmds.sty
Package: ltxcmds 2023-12-04 v1.26 LaTeX kernel commands for general use (HO)
)
(c:/texlive/2024/texmf-dist/tex/generic/pdftexcmds/pdftexcmds.sty
Package: pdftexcmds 2020-06-27 v0.33 Utility functions of pdfTeX for LuaTeX (HO
)

(c:/texlive/2024/texmf-dist/tex/generic/infwarerr/infwarerr.sty
Package: infwarerr 2019/12/03 v1.5 Providing info/warning/error messages (HO)
)
Package pdftexcmds Info: \pdf@primitive is available.
Package pdftexcmds Info: \pdf@ifprimitive is available.
Package pdftexcmds Info: \pdfdraftmode found.
))
(c:/texlive/2024/texmf-dist/tex/latex/hycolor/hycolor.sty
Package: hycolor 2020-01-27 v1.10 Color options for hyperref/bookmark (HO)
)
(c:/texlive/2024/texmf-dist/tex/latex/auxhook/auxhook.sty
Package: auxhook 2019-12-17 v1.6 Hooks for auxiliary files (HO)
)
(c:/texlive/2024/texmf-dist/tex/latex/hyperref/nameref.sty
Package: nameref 2023-11-26 v2.56 Cross-referencing by name of section

(c:/texlive/2024/texmf-dist/tex/latex/refcount/refcount.sty
Package: refcount 2019/12/15 v3.6 Data extraction from label references (HO)
)
(c:/texlive/2024/texmf-dist/tex/generic/gettitlestring/gettitlestring.sty
Package: gettitlestring 2019/12/15 v1.6 Cleanup title references (HO)

(c:/texlive/2024/texmf-dist/tex/latex/kvoptions/kvoptions.sty
Package: kvoptions 2022-06-15 v3.15 Key value format for package options (HO)
))
\c@section@level=\count279
)
(c:/texlive/2024/texmf-dist/tex/latex/etoolbox/etoolbox.sty
Package: etoolbox 2020/10/05 v2.5k e-TeX tools for LaTeX (JAW)
\etb@tempcnta=\count280
)
\@linkdim=\dimen153
\Hy@linkcounter=\count281
\Hy@pagecounter=\count282

(c:/texlive/2024/texmf-dist/tex/latex/hyperref/pd1enc.def
File: pd1enc.def 2024-01-20 v7.01h Hyperref: PDFDocEncoding definition (HO)
Now handling font encoding PD1 ...
... no UTF-8 mapping file for font encoding PD1
)
(c:/texlive/2024/texmf-dist/tex/generic/intcalc/intcalc.sty
Package: intcalc 2019/12/15 v1.3 Expandable calculations with integers (HO)
)
\Hy@SavedSpaceFactor=\count283

(c:/texlive/2024/texmf-dist/tex/latex/hyperref/puenc.def
File: puenc.def 2024-01-20 v7.01h Hyperref: PDF Unicode definition (HO)
Now handling font encoding PU ...
... no UTF-8 mapping file for font encoding PU
)
Package hyperref Info: Hyper figures OFF on input line 4179.
Package hyperref Info: Link nesting OFF on input line 4184.
Package hyperref Info: Hyper index ON on input line 4187.
Package hyperref Info: Plain pages OFF on input line 4194.
Package hyperref Info: Backreferencing OFF on input line 4199.
Package hyperref Info: Implicit mode ON; LaTeX internals redefined.
Package hyperref Info: Bookmarks ON on input line 4446.
\c@Hy@tempcnt=\count284

(c:/texlive/2024/texmf-dist/tex/latex/url/url.sty
\Urlmuskip=\muskip17
Package: url 2013/09/16  ver 3.4  Verb mode for urls, etc.
)
LaTeX Info: Redefining \url on input line 4784.
\XeTeXLinkMargin=\dimen154

(c:/texlive/2024/texmf-dist/tex/generic/bitset/bitset.sty
Package: bitset 2019/12/09 v1.3 Handle bit-vector datatype (HO)

(c:/texlive/2024/texmf-dist/tex/generic/bigintcalc/bigintcalc.sty
Package: bigintcalc 2019/12/15 v1.5 Expandable calculations on big integers (HO
)
))
\Fld@menulength=\count285
\Field@Width=\dimen155
\Fld@charsize=\dimen156
Package hyperref Info: Hyper figures OFF on input line 6063.
Package hyperref Info: Link nesting OFF on input line 6068.
Package hyperref Info: Hyper index ON on input line 6071.
Package hyperref Info: backreferencing OFF on input line 6078.
Package hyperref Info: Link coloring OFF on input line 6083.
Package hyperref Info: Link coloring with OCG OFF on input line 6088.
Package hyperref Info: PDF/A mode OFF on input line 6093.

(c:/texlive/2024/texmf-dist/tex/latex/base/atbegshi-ltx.sty
Package: atbegshi-ltx 2021/01/10 v1.0c Emulation of the original atbegshi
package with kernel methods
)
\Hy@abspage=\count286
\c@Item=\count287
\c@Hfootnote=\count288
)
Package hyperref Info: Driver (autodetected): hpdftex.

(c:/texlive/2024/texmf-dist/tex/latex/hyperref/hpdftex.def
File: hpdftex.def 2024-01-20 v7.01h Hyperref driver for pdfTeX

(c:/texlive/2024/texmf-dist/tex/latex/base/atveryend-ltx.sty
Package: atveryend-ltx 2020/08/19 v1.0a Emulation of the original atveryend pac
kage
with kernel methods
)
\Fld@listcount=\count289
\c@bookmark@seq@number=\count290

(c:/texlive/2024/texmf-dist/tex/latex/rerunfilecheck/rerunfilecheck.sty
Package: rerunfilecheck 2022-07-10 v1.10 Rerun checks for auxiliary files (HO)

(c:/texlive/2024/texmf-dist/tex/generic/uniquecounter/uniquecounter.sty
Package: uniquecounter 2019/12/15 v1.4 Provide unlimited unique counter (HO)
)
Package uniquecounter Info: New unique counter `rerunfilecheck' on input line 2
85.
)
\Hy@SectionHShift=\skip68
)
(c:/texlive/2024/texmf-dist/tex/latex/blindtext/blindtext.sty
Package: blindtext 2012/01/06 V2.0 blindtext-Package

(c:/texlive/2024/texmf-dist/tex/latex/tools/xspace.sty
Package: xspace 2014/10/28 v1.13 Space after command names (DPC,MH)
)
\c@blindtext=\count291
\c@Blindtext=\count292
\c@blind@countparstart=\count293
\blind@countxx=\count294
\blindtext@numBlindtext=\count295
\blind@countyy=\count296
\c@blindlist=\count297
\c@blindlistlevel=\count298
\c@blindlist@level=\count299
\blind@listitem=\count300
\c@blind@listcount=\count301
\c@blind@levelcount=\count302
\blind@mathformula=\count303
\blind@Mathformula=\count304
\c@blind@randomcount=\count305
\c@blind@randommax=\count306
\c@blind@pangramcount=\count307
\c@blind@pangrammax=\count308
)
(c:/texlive/2024/texmf-dist/tex/latex/was/upgreek.sty
Package: upgreek 2003/02/12 v2.0 (WaS)
Package upgreek Info: Using Euler Roman for upright Greek on input line 31.
\symugrf@m=\mathgroup6
LaTeX Font Info:    Overwriting symbol font `ugrf@m' in version `bold'
(Font)                  U/eur/m/n --> U/eur/b/n on input line 38.
)
(c:/texlive/2024/texmf-dist/tex/latex/tools/tabularx.sty
Package: tabularx 2023/07/08 v2.11c `tabularx' package (DPC)

(c:/texlive/2024/texmf-dist/tex/latex/tools/array.sty
Package: array 2023/10/16 v2.5g Tabular extension package (FMi)
\col@sep=\dimen157
\ar@mcellbox=\box57
\extrarowheight=\dimen158
\NC@list=\toks27
\extratabsurround=\skip69
\backup@length=\skip70
\ar@cellbox=\box58
)
\TX@col@width=\dimen159
\TX@old@table=\dimen160
\TX@old@col=\dimen161
\TX@target=\dimen162
\TX@delta=\dimen163
\TX@cols=\count309
\TX@ftn=\toks28
)
(c:/texlive/2024/texmf-dist/tex/latex/listings/listings.sty
\lst@mode=\count310
\lst@gtempboxa=\box59
\lst@token=\toks29
\lst@length=\count311
\lst@currlwidth=\dimen164
\lst@column=\count312
\lst@pos=\count313
\lst@lostspace=\dimen165
\lst@width=\dimen166
\lst@newlines=\count314
\lst@lineno=\count315
\lst@maxwidth=\dimen167

(c:/texlive/2024/texmf-dist/tex/latex/listings/lstpatch.sty
File: lstpatch.sty 2024/03/11 1.10a (Carsten Heinz)
)
(c:/texlive/2024/texmf-dist/tex/latex/listings/lstmisc.sty
File: lstmisc.sty 2024/03/11 1.10a (Carsten Heinz)
\c@lstnumber=\count316
\lst@skipnumbers=\count317
\lst@framebox=\box60
)
(c:/texlive/2024/texmf-dist/tex/latex/listings/listings.cfg
File: listings.cfg 2024/03/11 1.10a listings configuration
))
Package: listings 2024/03/11 1.10a (Carsten Heinz)

(c:/texlive/2024/texmf-dist/tex/latex/enumitem/enumitem.sty
Package: enumitem 2019/06/20 v3.9 Customized lists
\labelindent=\skip71
\enit@outerparindent=\dimen168
\enit@toks=\toks30
\enit@inbox=\box61
\enit@count@id=\count318
\enitdp@description=\count319
)
\enitdp@todolist=\count320

(c:/texlive/2024/texmf-dist/tex/latex/graphics/color.sty
Package: color 2022/01/06 v1.3d Standard LaTeX Color (DPC)

(c:/texlive/2024/texmf-dist/tex/latex/graphics-cfg/color.cfg
File: color.cfg 2016/01/02 v1.6 sample color configuration
)
Package color Info: Driver file: pdftex.def on input line 149.

(c:/texlive/2024/texmf-dist/tex/latex/graphics/mathcolor.ltx))
(c:/texlive/2024/texmf-dist/tex/generic/soul/soul.sty
Package: soul 2023-06-14 v3.1 Permit use of UTF-8 characters in soul (HO)

(c:/texlive/2024/texmf-dist/tex/generic/soul/soul-ori.sty
Package: soul-ori 2023-06-14 v3.1 letterspacing/underlining (mf)
\SOUL@word=\toks31
\SOUL@lasttoken=\toks32
\SOUL@syllable=\toks33
\SOUL@cmds=\toks34
\SOUL@buffer=\toks35
\SOUL@token=\toks36
\SOUL@syllgoal=\dimen169
\SOUL@syllwidth=\dimen170
\SOUL@charkern=\dimen171
\SOUL@hyphkern=\dimen172
\SOUL@dimen=\dimen173
\SOUL@dimeni=\dimen174
\SOUL@minus=\count321
\SOUL@comma=\count322
\SOUL@apo=\count323
\SOUL@grave=\count324
\SOUL@spaceskip=\skip72
\SOUL@ttwidth=\dimen175
\SOUL@uldp=\dimen176
\SOUL@ulht=\dimen177
)
(c:/texlive/2024/texmf-dist/tex/generic/etexcmds/etexcmds.sty
Package: etexcmds 2019/12/15 v1.7 Avoid name clashes with e-TeX commands (HO)
))
(c:/texlive/2024/texmf-dist/tex/latex/xcolor/xcolor.sty
Package: xcolor 2023/11/15 v3.01 LaTeX color extensions (UK)

(c:/texlive/2024/texmf-dist/tex/latex/graphics-cfg/color.cfg
File: color.cfg 2016/01/02 v1.6 sample color configuration
)
Package xcolor Info: Driver file: pdftex.def on input line 274.
LaTeX Info: Redefining \color on input line 758.

(c:/texlive/2024/texmf-dist/tex/latex/graphics/mathcolor.ltx)
Package xcolor Info: Model `cmy' substituted by `cmy0' on input line 1350.
Package xcolor Info: Model `hsb' substituted by `rgb' on input line 1354.
Package xcolor Info: Model `RGB' extended on input line 1366.
Package xcolor Info: Model `HTML' substituted by `rgb' on input line 1368.
Package xcolor Info: Model `Hsb' substituted by `hsb' on input line 1369.
Package xcolor Info: Model `tHsb' substituted by `hsb' on input line 1370.
Package xcolor Info: Model `HSB' substituted by `hsb' on input line 1371.
Package xcolor Info: Model `Gray' substituted by `gray' on input line 1372.
Package xcolor Info: Model `wave' substituted by `hsb' on input line 1373.
)
(c:/texlive/2024/texmf-dist/tex/latex/base/alltt.sty
Package: alltt 2021/01/29 v2.0g defines alltt environment
)
(c:/texlive/2024/texmf-dist/tex/latex/acro/acro.sty
(c:/texlive/2024/texmf-dist/tex/latex/l3packages/l3keys2e/l3keys2e.sty
(c:/texlive/2024/texmf-dist/tex/latex/l3kernel/expl3.sty
Package: expl3 2024-03-14 L3 programming layer (loader) 

(c:/texlive/2024/texmf-dist/tex/latex/l3backend/l3backend-pdftex.def
File: l3backend-pdftex.def 2024-03-14 L3 backend support: PDF output (pdfTeX)
\l__color_backend_stack_int=\count325
\l__pdf_internal_box=\box62
))
Package: l3keys2e 2024-03-14 LaTeX2e option processing using LaTeX3 keys
)
Package: acro 2022/04/01 v3.8 typeset acronyms and other abbreviations (CN)


Package acro Warning: Unknown option `tooltip'
(acro)                I don't know the option `tooltip'. Please make sure
(acro)                there is no typo. Check the manual for help.

\l__acro_tmpa_int=\count326
\l__acro_tmpb_int=\count327
\l__acro_tmpc_int=\count328
\l__acro_tmpd_int=\count329
Loading module `base' ...
Loading module `interface' ...
Loading module `aux' ...
Loading module `properties' ...
Loading module `acronyms' ...
Loading module `formatting' ...
Loading module `ppfixes' ...
Loading module `tools' ...
\l__acro_minimal_usage_int=\count330
\l__acro_nest_int=\count331
\g_acro_barrier_int=\count332
\g_acro_barrier_total_int=\count333
Loading module `commands' ...
\l_acro_nest_level_int=\count334
Loading module `templates' ...
Loading module `list' ...
Loading module `pages' ...
\l__acro_pages_seq_threshold_int=\count335
Loading module `locale' ...
(c:/texlive/2024/texmf-dist/tex/latex/translations/translations.sty
Package: translations 2022/02/05 v1.12 internationalization of LaTeX2e packages
 (CN)
)
Loading module `pdfsupport' ...
Loading module `patch' ...
Loading module `definitions' ...
Loading module `upgrade' ...
)
(c:/texlive/2024/texmf-dist/tex/latex/geometry/geometry.sty
Package: geometry 2020/01/02 v5.9 Page Geometry

(c:/texlive/2024/texmf-dist/tex/generic/iftex/ifvtex.sty
Package: ifvtex 2019/10/25 v1.7 ifvtex legacy package. Use iftex instead.
)
\Gm@cnth=\count336
\Gm@cntv=\count337
\c@Gm@tempcnt=\count338
\Gm@bindingoffset=\dimen178
\Gm@wd@mp=\dimen179
\Gm@odd@mp=\dimen180
\Gm@even@mp=\dimen181
\Gm@layoutwidth=\dimen182
\Gm@layoutheight=\dimen183
\Gm@layouthoffset=\dimen184
\Gm@layoutvoffset=\dimen185
\Gm@dimlist=\toks37
)
(c:/texlive/2024/texmf-dist/tex/latex/biblatex/biblatex.sty
Package: biblatex 2024/03/21 v3.20 programmable bibliographies (PK/MW)

(c:/texlive/2024/texmf-dist/tex/latex/logreq/logreq.sty
Package: logreq 2010/08/04 v1.0 xml request logger
\lrq@indent=\count339

(c:/texlive/2024/texmf-dist/tex/latex/logreq/logreq.def
File: logreq.def 2010/08/04 v1.0 logreq spec v1.0
))
(c:/texlive/2024/texmf-dist/tex/latex/base/ifthen.sty
Package: ifthen 2022/04/13 v1.1d Standard LaTeX ifthen package (DPC)
)
\c@tabx@nest=\count340
\c@listtotal=\count341
\c@listcount=\count342
\c@liststart=\count343
\c@liststop=\count344
\c@citecount=\count345
\c@citetotal=\count346
\c@multicitecount=\count347
\c@multicitetotal=\count348
\c@instcount=\count349
\c@maxnames=\count350
\c@minnames=\count351
\c@maxitems=\count352
\c@minitems=\count353
\c@citecounter=\count354
\c@maxcitecounter=\count355
\c@savedcitecounter=\count356
\c@uniquelist=\count357
\c@uniquename=\count358
\c@refsection=\count359
\c@refsegment=\count360
\c@maxextratitle=\count361
\c@maxextratitleyear=\count362
\c@maxextraname=\count363
\c@maxextradate=\count364
\c@maxextraalpha=\count365
\c@abbrvpenalty=\count366
\c@highnamepenalty=\count367
\c@lownamepenalty=\count368
\c@maxparens=\count369
\c@parenlevel=\count370
\blx@tempcnta=\count371
\blx@tempcntb=\count372
\blx@tempcntc=\count373
\c@blx@maxsection=\count374
\blx@maxsegment@0=\count375
\blx@notetype=\count376
\blx@parenlevel@text=\count377
\blx@parenlevel@foot=\count378
\blx@sectionciteorder@0=\count379
\blx@sectionciteorderinternal@0=\count380
\blx@entrysetcounter=\count381
\blx@biblioinstance=\count382
\labelnumberwidth=\skip73
\labelalphawidth=\skip74
\biblabelsep=\skip75
\bibitemsep=\skip76
\bibnamesep=\skip77
\bibinitsep=\skip78
\bibparsep=\skip79
\bibhang=\skip80
\blx@bcfin=\read3
\blx@bcfout=\write3
\blx@langwohyphens=\language90
\c@mincomprange=\count383
\c@maxcomprange=\count384
\c@mincompwidth=\count385
Package biblatex Info: Trying to load biblatex default data model...
Package biblatex Info: ... file 'blx-dm.def' found.

(c:/texlive/2024/texmf-dist/tex/latex/biblatex/blx-dm.def
File: blx-dm.def 2024/03/21 v3.20 biblatex datamodel (PK/MW)
)
Package biblatex Info: Trying to load biblatex style data model...
Package biblatex Info: ... file 'ieee-alphabetic.dbx' not found.
Package biblatex Info: Trying to load biblatex custom data model...
Package biblatex Info: ... file 'biblatex-dm.cfg' not found.
\c@afterword=\count386
\c@savedafterword=\count387
\c@annotator=\count388
\c@savedannotator=\count389
\c@author=\count390
\c@savedauthor=\count391
\c@bookauthor=\count392
\c@savedbookauthor=\count393
\c@commentator=\count394
\c@savedcommentator=\count395
\c@editor=\count396
\c@savededitor=\count397
\c@editora=\count398
\c@savededitora=\count399
\c@editorb=\count400
\c@savededitorb=\count401
\c@editorc=\count402
\c@savededitorc=\count403
\c@foreword=\count404
\c@savedforeword=\count405
\c@holder=\count406
\c@savedholder=\count407
\c@introduction=\count408
\c@savedintroduction=\count409
\c@namea=\count410
\c@savednamea=\count411
\c@nameb=\count412
\c@savednameb=\count413
\c@namec=\count414
\c@savednamec=\count415
\c@translator=\count416
\c@savedtranslator=\count417
\c@shortauthor=\count418
\c@savedshortauthor=\count419
\c@shorteditor=\count420
\c@savedshorteditor=\count421
\c@labelname=\count422
\c@savedlabelname=\count423
\c@institution=\count424
\c@savedinstitution=\count425
\c@lista=\count426
\c@savedlista=\count427
\c@listb=\count428
\c@savedlistb=\count429
\c@listc=\count430
\c@savedlistc=\count431
\c@listd=\count432
\c@savedlistd=\count433
\c@liste=\count434
\c@savedliste=\count435
\c@listf=\count436
\c@savedlistf=\count437
\c@location=\count438
\c@savedlocation=\count439
\c@organization=\count440
\c@savedorganization=\count441
\c@origlocation=\count442
\c@savedoriglocation=\count443
\c@origpublisher=\count444
\c@savedorigpublisher=\count445
\c@publisher=\count446
\c@savedpublisher=\count447
\c@language=\count448
\c@savedlanguage=\count449
\c@origlanguage=\count450
\c@savedoriglanguage=\count451
\c@pageref=\count452
\c@savedpageref=\count453
\shorthandwidth=\skip81
\shortjournalwidth=\skip82
\shortserieswidth=\skip83
\shorttitlewidth=\skip84
\shortauthorwidth=\skip85
\shorteditorwidth=\skip86
\locallabelnumberwidth=\skip87
\locallabelalphawidth=\skip88
\localshorthandwidth=\skip89
\localshortjournalwidth=\skip90
\localshortserieswidth=\skip91
\localshorttitlewidth=\skip92
\localshortauthorwidth=\skip93
\localshorteditorwidth=\skip94
Package biblatex Info: Trying to load compatibility code...
Package biblatex Info: ... file 'blx-compat.def' found.

(c:/texlive/2024/texmf-dist/tex/latex/biblatex/blx-compat.def
File: blx-compat.def 2024/03/21 v3.20 biblatex compatibility (PK/MW)
)
Package biblatex Info: Trying to load generic definitions...
Package biblatex Info: ... file 'biblatex.def' found.

(c:/texlive/2024/texmf-dist/tex/latex/biblatex/biblatex.def
File: biblatex.def 2024/03/21 v3.20 biblatex compatibility (PK/MW)
\c@textcitecount=\count454
\c@textcitetotal=\count455
\c@textcitemaxnames=\count456
\c@biburlbigbreakpenalty=\count457
\c@biburlbreakpenalty=\count458
\c@biburlnumpenalty=\count459
\c@biburlucpenalty=\count460
\c@biburllcpenalty=\count461
\biburlbigskip=\muskip18
\biburlnumskip=\muskip19
\biburlucskip=\muskip20
\biburllcskip=\muskip21
\c@smartand=\count462
)
Package biblatex Info: Trying to load bibliography style 'ieee-alphabetic'...
Package biblatex Info: ... file 'ieee-alphabetic.bbx' found.

(c:/texlive/2024/texmf-dist/tex/latex/biblatex-ieee/ieee-alphabetic.bbx
File: ieee-alphabetic.bbx 2021/12/06 v1.3f biblatex bibliography style
Package biblatex Info: Trying to load bibliography style 'ieee'...
Package biblatex Info: ... file 'ieee.bbx' found.

(c:/texlive/2024/texmf-dist/tex/latex/biblatex-ieee/ieee.bbx
File: ieee.bbx 2021/12/06 v1.3f biblatex bibliography style
Package biblatex Info: Trying to load bibliography style 'numeric-comp'...
Package biblatex Info: ... file 'numeric-comp.bbx' found.

(c:/texlive/2024/texmf-dist/tex/latex/biblatex/bbx/numeric-comp.bbx
File: numeric-comp.bbx 2024/03/21 v3.20 biblatex bibliography style (PK/MW)
Package biblatex Info: Trying to load bibliography style 'numeric'...
Package biblatex Info: ... file 'numeric.bbx' found.

(c:/texlive/2024/texmf-dist/tex/latex/biblatex/bbx/numeric.bbx
File: numeric.bbx 2024/03/21 v3.20 biblatex bibliography style (PK/MW)
Package biblatex Info: Trying to load bibliography style 'standard'...
Package biblatex Info: ... file 'standard.bbx' found.

(c:/texlive/2024/texmf-dist/tex/latex/biblatex/bbx/standard.bbx
File: standard.bbx 2024/03/21 v3.20 biblatex bibliography style (PK/MW)
\c@bbx:relatedcount=\count463
\c@bbx:relatedtotal=\count464
)))))
Package biblatex Info: Trying to load citation style 'ieee-alphabetic'...
Package biblatex Info: ... file 'ieee-alphabetic.cbx' found.

(c:/texlive/2024/texmf-dist/tex/latex/biblatex-ieee/ieee-alphabetic.cbx
File: ieee-alphabetic.cbx 2021/12/06 v1.3f biblatex citation style
Package biblatex Info: Trying to load citation style 'alphabetic'...
Package biblatex Info: ... file 'alphabetic.cbx' found.

(c:/texlive/2024/texmf-dist/tex/latex/biblatex/cbx/alphabetic.cbx
File: alphabetic.cbx 2024/03/21 v3.20 biblatex citation style (PK/MW)
Package biblatex Info: Redefining '\cite'.
Package biblatex Info: Redefining '\parencite'.
Package biblatex Info: Redefining '\footcite'.
Package biblatex Info: Redefining '\footcitetext'.
Package biblatex Info: Redefining '\smartcite'.
Package biblatex Info: Redefining '\textcite'.
Package biblatex Info: Redefining '\textcites'.
Package biblatex Info: Redefining '\cites'.
Package biblatex Info: Redefining '\parencites'.
Package biblatex Info: Redefining '\smartcites'.
))
Package biblatex Info: Trying to load configuration file...
Package biblatex Info: ... file 'biblatex.cfg' found.

(c:/texlive/2024/texmf-dist/tex/latex/biblatex/biblatex.cfg
File: biblatex.cfg 
)
Package biblatex Info: Input encoding 'utf8' detected.
Package biblatex Info: Document encoding is UTF8 ....
Package biblatex Info: ... and expl3
(biblatex)             2024-03-14 L3 programming layer (loader) 
(biblatex)             is new enough (at least 2020/04/06),
(biblatex)             setting 'casechanger=expl3'.

(c:/texlive/2024/texmf-dist/tex/latex/biblatex/blx-case-expl3.sty
(c:/texlive/2024/texmf-dist/tex/latex/l3packages/xparse/xparse.sty
Package: xparse 2024-03-14 L3 Experimental document command parser
)
Package: blx-case-expl3 2024/03/21 v3.20 expl3 case changing code for biblatex
))
(c:/texlive/2024/texmf-dist/tex/latex/base/makeidx.sty
Package: makeidx 2021/10/04 v1.0m Standard LaTeX package
)
\@indexfile=\write4
\openout4 = `MontageAnleitung.idx'.


Writing index file MontageAnleitung.idx
(c:/texlive/2024/texmf-dist/tex/latex/nomencl/nomencl.sty
Package: nomencl 2021/11/10 v5.6 Nomenclature package

(c:/texlive/2024/texmf-dist/tex/latex/xkeyval/xkeyval.sty
Package: xkeyval 2022/06/16 v2.9 package option processing (HA)

(c:/texlive/2024/texmf-dist/tex/generic/xkeyval/xkeyval.tex
(c:/texlive/2024/texmf-dist/tex/generic/xkeyval/xkvutils.tex
\XKV@toks=\toks38
\XKV@tempa@toks=\toks39
)
\XKV@depth=\count465
File: xkeyval.tex 2014/12/03 v2.7a key=value parser (HA)
))
Package tocbasic Info: setting babel extension for `nlo' on input line 187.
Package tocbasic Info: setting babel extension for `nls' on input line 188.
\nomlabelwidth=\dimen186
\nom@tempdim=\dimen187
\nomitemsep=\skip95
)
\@nomenclaturefile=\write5
\openout5 = `MontageAnleitung.nlo'.

Package nomencl Info: Writing nomenclature file MontageAnleitung.nlo on input l
ine 71.
)

LaTeX Warning: \include should only be used after \begin{document} on input lin
e 19.

(./General/Commands.tex
LaTeX Info: Redefining \Atan2 on input line 39.
\c@fehlernummer=\count466
)

LaTeX Warning: \include should only be used after \begin{document} on input lin
e 20.

No file General/tikzdefs.
(./General/acronyms.tex
\c@g@acro@api@int=\count467
\c@g@acro@bs@int=\count468
\c@g@acro@cci@int=\count469
\c@g@acro@csi@int=\count470
\c@g@acro@cg@int=\count471
\c@g@acro@cifar@int=\count472
\c@g@acro@cnc@int=\count473
\c@g@acro@cnn@int=\count474
\c@g@acro@coco@int=\count475
\c@g@acro@cpu@int=\count476
\c@g@acro@cuda@int=\count477
\c@g@acro@cudnn@int=\count478
\c@g@acro@dll@int=\count479
\c@g@acro@dnn@int=\count480
\c@g@acro@fp32@int=\count481
\c@g@acro@flops@int=\count482
\c@g@acro@fp16@int=\count483
\c@g@acro@fpga@int=\count484
\c@g@acro@fps@int=\count485
\c@g@acro@gpio@int=\count486
\c@g@acro@gpgpu@int=\count487
\c@g@acro@gpu@int=\count488
\c@g@acro@hdmi@int=\count489
\c@g@acro@i2c@int=\count490
\c@g@acro@i2s@int=\count491
\c@g@acro@ide@int=\count492
\c@g@acro@int8@int=\count493
\c@g@acro@iot@int=\count494
\c@g@acro@kdd@int=\count495
\c@g@acro@ki@int=\count496
\c@g@acro@knn@int=\count497
\c@g@acro@mimd@int=\count498
\c@g@acro@nn@int=\count499
\c@g@acro@opencl@int=\count500
\c@g@acro@ppa@int=\count501
\c@g@acro@pip@int=\count502
\c@g@acro@pypi@int=\count503
\c@g@acro@ram@int=\count504
\c@g@acro@relu@int=\count505
\c@g@acro@resnets@int=\count506
\c@g@acro@rle@int=\count507
\c@g@acro@rgb@int=\count508
\c@g@acro@sd@int=\count509
\c@g@acro@sda@int=\count510
\c@g@acro@sd-1@int=\count511
\c@g@acro@sd-3@int=\count512
\c@g@acro@scl@int=\count513
\c@g@acro@ssh@int=\count514
\c@g@acro@spi@int=\count515
\c@g@acro@sbc@int=\count516
\c@g@acro@simd@int=\count517
\c@g@acro@sm@int=\count518
\c@g@acro@sp@int=\count519
\c@g@acro@sps@int=\count520
\c@g@acro@tpu@int=\count521
\c@g@acro@uart@int=\count522
\c@g@acro@uma@int=\count523
\c@g@acro@venv@int=\count524
\c@g@acro@vpu@int=\count525
) (./General/Hyphenations.tex
(c:/texlive/2024/texmf-dist/tex/latex/microtype/microtype.sty
Package: microtype 2023/03/13 v3.1a Micro-typographical refinements (RS)
\MT@toks=\toks40
\MT@tempbox=\box63
\MT@count=\count526
LaTeX Info: Redefining \noprotrusionifhmode on input line 1059.
LaTeX Info: Redefining \leftprotrusion on input line 1060.
\MT@prot@toks=\toks41
LaTeX Info: Redefining \rightprotrusion on input line 1078.
LaTeX Info: Redefining \textls on input line 1368.
\MT@outer@kern=\dimen188
LaTeX Info: Redefining \textmicrotypecontext on input line 1988.
\MT@listname@count=\count527

(c:/texlive/2024/texmf-dist/tex/latex/microtype/microtype-pdftex.def
File: microtype-pdftex.def 2023/03/13 v3.1a Definitions specific to pdftex (RS)

LaTeX Info: Redefining \lsstyle on input line 902.
LaTeX Info: Redefining \lslig on input line 902.
\MT@outer@space=\skip96
)
Package microtype Info: Loading configuration file microtype.cfg.

(c:/texlive/2024/texmf-dist/tex/latex/microtype/microtype.cfg
File: microtype.cfg 2023/03/13 v3.1a microtype main configuration file (RS)
)))

Package biblatex Warning: 'babel/polyglossia' detected but 'csquotes' missing.
(biblatex)                Loading 'csquotes' recommended.

\@quotelevel=\count528
\@quotereset=\count529
(./MontageAnleitung.aux)
\openout1 = `MontageAnleitung.aux'.

LaTeX Font Info:    Checking defaults for OML/cmm/m/it on input line 25.
LaTeX Font Info:    ... okay on input line 25.
LaTeX Font Info:    Checking defaults for OMS/cmsy/m/n on input line 25.
LaTeX Font Info:    ... okay on input line 25.
LaTeX Font Info:    Checking defaults for OT1/cmr/m/n on input line 25.
LaTeX Font Info:    ... okay on input line 25.
LaTeX Font Info:    Checking defaults for T1/cmr/m/n on input line 25.
LaTeX Font Info:    ... okay on input line 25.
LaTeX Font Info:    Checking defaults for TS1/cmr/m/n on input line 25.
LaTeX Font Info:    ... okay on input line 25.
LaTeX Font Info:    Checking defaults for OMX/cmex/m/n on input line 25.
LaTeX Font Info:    ... okay on input line 25.
LaTeX Font Info:    Checking defaults for U/cmr/m/n on input line 25.
LaTeX Font Info:    ... okay on input line 25.
LaTeX Font Info:    Checking defaults for PD1/pdf/m/n on input line 25.
LaTeX Font Info:    ... okay on input line 25.
LaTeX Font Info:    Checking defaults for PU/pdf/m/n on input line 25.
LaTeX Font Info:    ... okay on input line 25.

(c:/texlive/2024/texmf-dist/tex/context/base/mkii/supp-pdf.mkii
[Loading MPS to PDF converter (version 2006.09.02).]
\scratchcounter=\count530
\scratchdimen=\dimen189
\scratchbox=\box64
\nofMPsegments=\count531
\nofMParguments=\count532
\everyMPshowfont=\toks42
\MPscratchCnt=\count533
\MPscratchDim=\dimen190
\MPnumerator=\count534
\makeMPintoPDFobject=\count535
\everyMPtoPDFconversion=\toks43
) (c:/texlive/2024/texmf-dist/tex/latex/epstopdf-pkg/epstopdf-base.sty
Package: epstopdf-base 2020-01-24 v2.11 Base part for package epstopdf
Package epstopdf-base Info: Redefining graphics rule for `.eps' on input line 4
85.

(c:/texlive/2024/texmf-dist/tex/latex/latexconfig/epstopdf-sys.cfg
File: epstopdf-sys.cfg 2010/07/13 v1.3 Configuration of (r)epstopdf for TeX Liv
e
))
Package hyperref Info: Link coloring OFF on input line 25.

(./MontageAnleitung.out) (./MontageAnleitung.out)
\@outlinefile=\write6
\openout6 = `MontageAnleitung.out'.

Class scrbook Info: loading recommended package `bookmark'.
(scrbook)           Using `bookmark' together with `hyperref' is recommended,
(scrbook)           because of handling of possible bookmark level gaps.
(scrbook)           You can avoid loading `bookmark' with KOMA-Script option
(scrbook)           `bookmarkpackage=false' before \begin{document} and
(scrbook)           you can avoid this message adding:
(scrbook)             \usepackage{bookmark}
(scrbook)           before \begin{document} on input line 25.

(c:/texlive/2024/texmf-dist/tex/latex/bookmark/bookmark.sty
Package: bookmark 2023-12-10 v1.31 PDF bookmarks (HO)

(c:/texlive/2024/texmf-dist/tex/latex/bookmark/bkm-pdftex.def
File: bkm-pdftex.def 2023-12-10 v1.31 bookmark driver for pdfTeX and luaTeX (HO
)
\BKM@id=\count536
))
\c@lstlisting=\count537
Package tocbasic Info: setting babel extension for `lol' on input line 25.
\scr@dte@lstlisting@maxnumwidth=\skip97

(c:/texlive/2024/texmf-dist/tex/latex/translations/translations-basic-dictionar
y-german.trsl
File: translations-basic-dictionary-german.trsl (german translation file `trans
lations-basic-dictionary')
)
Package translations Info: loading dictionary `translations-basic-dictionary' f
or `german'. on input line 25.

*geometry* driver: auto-detecting
*geometry* detected driver: pdftex
*geometry* verbose mode - [ preamble ] result:
* driver: pdftex
* paper: a4paper
* layout: <same size as paper>
* layoutoffset:(h,v)=(0.0pt,0.0pt)
* bindingoffset: 22.76219pt
* modes: includehead includefoot twoside 
* h-part:(L,W,R)=(71.13188pt, 432.48192pt, 71.13188pt)
* v-part:(T,H,B)=(56.9055pt, 731.23584pt, 56.9055pt)
* \paperwidth=597.50787pt
* \paperheight=845.04684pt
* \textwidth=432.48192pt
* \textheight=640.61084pt
* \oddsidemargin=21.62408pt
* \evensidemargin=-1.1381pt
* \topmargin=-15.36449pt
* \headheight=18.125pt
* \headsep=21.75pt
* \topskip=12.0pt
* \footskip=50.75pt
* \marginparwidth=74.68849pt
* \marginparsep=12.8401pt
* \columnsep=10.0pt
* \skip\footins=10.8pt plus 4.0pt minus 2.0pt
* \hoffset=0.0pt
* \voffset=0.0pt
* \mag=1000
* \@twocolumnfalse
* \@twosidetrue
* \@mparswitchtrue
* \@reversemarginfalse
* (1in=72.27pt=25.4mm, 1cm=28.453pt)

Package biblatex Info: Trying to load language 'ngerman'...
Package biblatex Info: ... file 'ngerman.lbx' found.
(c:/texlive/2024/texmf-dist/tex/latex/biblatex/lbx/ngerman.lbx
File: ngerman.lbx 2024/03/21 v3.20 biblatex localization (PK/MW)
Package biblatex Info: Trying to load language 'german'...
Package biblatex Info: ... file 'german.lbx' found.

(c:/texlive/2024/texmf-dist/tex/latex/biblatex/lbx/german.lbx
File: german.lbx 2024/03/21 v3.20 biblatex localization (PK/MW)
)
Package biblatex Info: Trying to load language 'german'...
Package biblatex Info: ... file 'german.lbx' found.

(c:/texlive/2024/texmf-dist/tex/latex/biblatex/lbx/german.lbx
File: german.lbx 2024/03/21 v3.20 biblatex localization (PK/MW)
))
Package biblatex Info: Input encoding 'utf8' detected.
Package biblatex Info: Automatic encoding selection.
(biblatex)             Assuming data encoding 'utf8'.
\openout3 = `MontageAnleitung.bcf'.

Package biblatex Info: Trying to load bibliographic data...
Package biblatex Info: ... file 'MontageAnleitung.bbl' found.

(./MontageAnleitung.bbl)
Package biblatex Info: Reference section=0 on input line 25.
Package biblatex Info: Reference segment=0 on input line 25.
LaTeX Info: Redefining \microtypecontext on input line 25.
Package microtype Info: Applying patch `item' on input line 25.
Package microtype Info: Applying patch `toc' on input line 25.
Package microtype Info: Applying patch `eqnum' on input line 25.
Package microtype Info: Applying patch `footnote' on input line 25.
Package microtype Info: Applying patch `verbatim' on input line 25.
Package microtype Info: Generating PDF output.
Package microtype Info: Character protrusion enabled (level 2).
Package microtype Info: Using default protrusion set `alltext'.
Package microtype Info: Automatic font expansion enabled (level 2),
(microtype)             stretch: 20, shrink: 20, step: 1, non-selected.
Package microtype Info: Using default expansion set `alltext-nott'.
LaTeX Info: Redefining \showhyphens on input line 25.
Package microtype Info: No adjustment of tracking.
Package microtype Info: No adjustment of interword spacing.
Package microtype Info: No adjustment of character kerning.
Package microtype Info: Redefining babel's language switching commands.

(c:/texlive/2024/texmf-dist/tex/latex/microtype/mt-cmr.cfg
File: mt-cmr.cfg 2013/05/19 v2.2 microtype config. file: Computer Modern Roman 
(RS)
)
(./Chapters/de/TitlePage.tex
<General/Logo_HS_Emden_Leer.jpg, id=4, 1275.0837pt x 427.1157pt>
File: General/Logo_HS_Emden_Leer.jpg Graphic file (type jpg)
<use General/Logo_HS_Emden_Leer.jpg>
Package pdftex.def Info: General/Logo_HS_Emden_Leer.jpg  used on input line 13.

(pdftex.def)             Requested size: 199.16928pt x 66.71059pt.
LaTeX Font Info:    Trying to load font information for T1+cmss on input line 2
1.

(c:/texlive/2024/texmf-dist/tex/latex/base/t1cmss.fd
File: t1cmss.fd 2023/04/13 v2.5m Standard LaTeX font definitions
)
Package microtype Info: Loading generic protrusion settings for font family
(microtype)             `cmss' (encoding: T1).
(microtype)             For optimal results, create family-specific settings.
(microtype)             See the microtype manual for details.
 [1



{c:/texlive/2024/texmf-var/fonts/map/pdftex/updmap/pdftex.map}{c:/texlive/2024/
texmf-dist/fonts/enc/dvips/cm-super/cm-super-t1.enc} <./General/Logo_HS_Emden_L
eer.jpg>]
LaTeX Font Info:    Trying to load font information for U+msa on input line 48.


(c:/texlive/2024/texmf-dist/tex/latex/amsfonts/umsa.fd
File: umsa.fd 2013/01/14 v3.01 AMS symbols A
)
(c:/texlive/2024/texmf-dist/tex/latex/microtype/mt-msa.cfg
File: mt-msa.cfg 2006/02/04 v1.1 microtype config. file: AMS symbols (a) (RS)
)
LaTeX Font Info:    Trying to load font information for U+msb on input line 48.


(c:/texlive/2024/texmf-dist/tex/latex/amsfonts/umsb.fd
File: umsb.fd 2013/01/14 v3.01 AMS symbols B
)
(c:/texlive/2024/texmf-dist/tex/latex/microtype/mt-msb.cfg
File: mt-msb.cfg 2005/06/01 v1.0 microtype config. file: AMS symbols (b) (RS)
)
(c:/texlive/2024/texmf-dist/tex/latex/microtype/mt-eur.cfg
File: mt-eur.cfg 2006/07/31 v1.1 microtype config. file: AMS Euler Roman (RS)
)
LaTeX Font Info:    Trying to load font information for T1+cmtt on input line 5
3.

(c:/texlive/2024/texmf-dist/tex/latex/base/t1cmtt.fd
File: t1cmtt.fd 2023/04/13 v2.5m Standard LaTeX font definitions
)
Package microtype Info: Loading generic protrusion settings for font family
(microtype)             `cmtt' (encoding: T1).
(microtype)             For optimal results, create family-specific settings.
(microtype)             See the microtype manual for details.
 [2])
Package tocbasic Info: character protrusion at toc deactivated on input line 33
.

(./MontageAnleitung.toc)
\tf@toc=\write7
\openout7 = `MontageAnleitung.toc'.

 [1


] [2


]
Package tocbasic Info: character protrusion at lof deactivated on input line 37
.
 (./MontageAnleitung.lof)
\tf@lof=\write8
\openout8 = `MontageAnleitung.lof'.

 [3


] [4


]
Package tocbasic Info: character protrusion at lot deactivated on input line 41
.

(./MontageAnleitung.lot)
\tf@lot=\write9
\openout9 = `MontageAnleitung.lot'.

 [5


] [6


] (./Chapters/de/VorMontage.tex
chapter 1.

Class scrbook Warning: \float@addtolists detected!
(scrbook)              Implementation of \float@addtolist became
(scrbook)              deprecated in KOMA-Script v3.01 2008/11/14 and
(scrbook)              has been replaced by several more flexible
(scrbook)              features of package `tocbasic`.
(scrbook)              Since Version 3.12 support for deprecated
(scrbook)              \float@addtolist interface has been
(scrbook)              restricted to only some of the KOMA-Script
(scrbook)              features and been removed from others.
(scrbook)              Loading of package `scrhack' may help to
(scrbook)              avoid this warning, if you are using a
(scrbook)              a package that still implements the
(scrbook)              deprecated \float@addtolist interface.

<Images/BauTeile.jpg, id=154, 899.61093pt x 739.26187pt>
File: Images/BauTeile.jpg Graphic file (type jpg)
<use Images/BauTeile.jpg>
Package pdftex.def Info: Images/BauTeile.jpg  used on input line 17.
(pdftex.def)             Requested size: 432.48192pt x 355.3944pt.

Overfull \hbox (6.15027pt too wide) in paragraph at lines 50--50
[]|\T1/cmr/bx/n/8 (-20) Pos.| 
 []

<Images/ElekKomp.jpg, id=157, 775.39688pt x 498.36188pt>
File: Images/ElekKomp.jpg Graphic file (type jpg)
<use Images/ElekKomp.jpg>
Package pdftex.def Info: Images/ElekKomp.jpg  used on input line 61.
(pdftex.def)             Requested size: 432.48192pt x 277.9705pt.

pdfTeX warning (ext4): destination with the same identifier (name{page.1}) has 
been already used, duplicate ignored
<to be read again> 
                   \relax 
l.64 \end{figure}
                  [1




 <./Images/BauTeile.JPG>]
Underfull \vbox (badness 10000) has occurred while \output is active []


pdfTeX warning (ext4): destination with the same identifier (name{page.2}) has 
been already used, duplicate ignored
<to be read again> 
                   \relax 
l.65 
      [2]
Overfull \hbox (6.15027pt too wide) in paragraph at lines 86--86
[]|\T1/cmr/bx/n/8 (-20) Pos.| 
 []

<Images/BenWerk.jpg, id=170, 687.31781pt x 662.475pt>
File: Images/BenWerk.jpg Graphic file (type jpg)
<use Images/BenWerk.jpg>
Package pdftex.def Info: Images/BenWerk.jpg  used on input line 96.
(pdftex.def)             Requested size: 432.48192pt x 416.84593pt.
[3 <./Images/ElekKomp.JPG>]
Overfull \hbox (6.15027pt too wide) in paragraph at lines 115--115
[]|\T1/cmr/bx/n/8 (-20) Pos.| 
 []


Underfull \hbox (badness 10000) in paragraph at lines 115--115
[]|\T1/cmr/m/n/8 (+20) Innensechskantschlüssel
 []


Underfull \vbox (badness 10000) has occurred while \output is active []

 [4 <./Images/BenWerk.JPG>]
<Images/Einpress.jpg, id=181, 2292.565pt x 3028.31375pt>
File: Images/Einpress.jpg Graphic file (type jpg)
<use Images/Einpress.jpg>
Package pdftex.def Info: Images/Einpress.jpg  used on input line 130.
(pdftex.def)             Requested size: 432.48192pt x 571.27307pt.

Underfull \vbox (badness 10000) has occurred while \output is active []

 [5]
Underfull \vbox (badness 10000) has occurred while \output is active []

 [6 <./Images/Einpress.JPG>]
<Images/Leitungen.jpg, id=194, 432.86719pt x 651.18282pt>
File: Images/Leitungen.jpg Graphic file (type jpg)
<use Images/Leitungen.jpg>
Package pdftex.def Info: Images/Leitungen.jpg  used on input line 141.
(pdftex.def)             Requested size: 432.48192pt x 650.63474pt.

Underfull \vbox (badness 10000) has occurred while \output is active []

 [7]
Overfull \vbox (51.87393pt too high) has occurred while \output is active []


[8 <./Images/Leitungen.JPG>]
Overfull \hbox (3.30482pt too wide) in paragraph at lines 166--166
[]|\T1/cmr/bx/n/8 (-20) Pos.| 
 []


Overfull \hbox (5.27087pt too wide) in paragraph at lines 166--166
[]|\T1/cmr/bx/n/8 (-20) Anz.| 
 []


Underfull \hbox (badness 10000) in paragraph at lines 166--166
[]|\T1/cmr/bx/n/8 (+20) Verbind-
 []


Overfull \hbox (5.04257pt too wide) in paragraph at lines 166--166
[]|\T1/cmr/bx/n/8 (-20) Länge
 []


Overfull \hbox (1.42017pt too wide) in paragraph at lines 166--166
\T1/cmr/bx/n/8 (-20) [mm]| 
 []


Overfull \hbox (2.67023pt too wide) in paragraph at lines 166--166
[]|\T1/cmr/m/n/8 (-20) Entwicklerboard
 []


Underfull \hbox (badness 10000) in paragraph at lines 166--166
\T1/cmr/m/n/8 (+20) Schritt-mo-tor-
 []


Underfull \hbox (badness 10000) in paragraph at lines 166--166
\T1/cmr/m/n/8 (+20) steue-rung
 []


Underfull \hbox (badness 10000) in paragraph at lines 166--166
[]|\T1/cmr/m/n/8 (+20) TMLS auf
 []


Underfull \hbox (badness 10000) in paragraph at lines 166--166
[]|\T1/cmr/m/n/8 (+20) TMLS auf
 []


Underfull \hbox (badness 10000) in paragraph at lines 166--166
\T1/cmr/m/n/8 (+20) Drehwinkel-
 []


Underfull \hbox (badness 10000) in paragraph at lines 166--166
\T1/cmr/m/n/8 (+20) wick-ler-board
 []


Underfull \hbox (badness 10000) in paragraph at lines 166--166
\T1/cmr/m/n/8 (+20) Schritt-mo-
 []


Underfull \hbox (badness 10000) in paragraph at lines 166--166
\T1/cmr/m/n/8 (+20) tor-steue-rung
 []


Underfull \hbox (badness 10000) in paragraph at lines 166--166
[]|\T1/cmr/m/n/8 (+20) Masse Span-
 []


Underfull \hbox (badness 10000) in paragraph at lines 166--166
\T1/cmr/m/n/8 (+20) nungs-wand-ler
 []


Underfull \hbox (badness 10000) in paragraph at lines 166--166
\T1/cmr/m/n/8 (+20) AMS117 auf
 []


Underfull \hbox (badness 10000) in paragraph at lines 166--166
\T1/cmr/m/n/8 (+20) Drehwinkel-
 []


Underfull \hbox (badness 10000) in paragraph at lines 166--166
\T1/cmr/m/n/8 (+20) Encoder
 []


Underfull \hbox (badness 10000) in paragraph at lines 166--166
\T1/cmr/m/n/8 (+20) und Ent-
 []


Underfull \hbox (badness 10000) in paragraph at lines 166--166
\T1/cmr/m/n/8 (+20) wick-ler-board
 []


Underfull \hbox (badness 10000) in paragraph at lines 166--166
\T1/cmr/m/n/8 (+20) Schritt-mo-
 []


Underfull \hbox (badness 10000) in paragraph at lines 166--166
\T1/cmr/m/n/8 (+20) tor-steue-rung
 []


Underfull \hbox (badness 10000) in paragraph at lines 166--166
[]|\T1/cmr/m/n/8 (+20) 3,3V Span-
 []


Underfull \hbox (badness 10000) in paragraph at lines 166--166
\T1/cmr/m/n/8 (+20) nungs-wand-ler
 []


Underfull \hbox (badness 10000) in paragraph at lines 166--166
\T1/cmr/m/n/8 (+20) AMS117 auf
 []


Underfull \hbox (badness 10000) in paragraph at lines 166--166
\T1/cmr/m/n/8 (+20) Drehwinkel-
 []


Underfull \hbox (badness 10000) in paragraph at lines 166--166
\T1/cmr/m/n/8 (+20) Encoder
 []


Underfull \hbox (badness 10000) in paragraph at lines 166--166
\T1/cmr/m/n/8 (+20) und Ent-
 []


Underfull \hbox (badness 10000) in paragraph at lines 166--166
\T1/cmr/m/n/8 (+20) wick-ler-board
 []


Underfull \hbox (badness 10000) in paragraph at lines 166--166
\T1/cmr/m/n/8 (+20) Schritt-mo-
 []


Underfull \hbox (badness 10000) in paragraph at lines 166--166
\T1/cmr/m/n/8 (+20) tor-steue-rung
 []


Underfull \hbox (badness 10000) in paragraph at lines 166--166
[]|\T1/cmr/m/n/8 (+20) 5V/Masse
 []


Underfull \hbox (badness 10000) in paragraph at lines 166--166
\T1/cmr/m/n/8 (+20) Schalt-netz-teil
 []


Underfull \hbox (badness 10000) in paragraph at lines 166--166
\T1/cmr/m/n/8 (+20) auf Span-
 []


Underfull \hbox (badness 10000) in paragraph at lines 166--166
\T1/cmr/m/n/8 (+20) nungs-wand-ler
 []


Underfull \hbox (badness 10000) in paragraph at lines 166--166
[]|\T1/cmr/m/n/8 (+20) 12V/Masse
 []


Underfull \hbox (badness 10000) in paragraph at lines 166--166
\T1/cmr/m/n/8 (+20) Schalt-netz-teil
 []


Underfull \hbox (badness 10000) in paragraph at lines 166--166
\T1/cmr/m/n/8 (+20) auf Ent-wick-
 []


Underfull \hbox (badness 10000) in paragraph at lines 166--166
\T1/cmr/m/n/8 (+20) ler-board
 []


Underfull \hbox (badness 10000) in paragraph at lines 166--166
\T1/cmr/m/n/8 (+20) Schritt-mo-
 []


Underfull \hbox (badness 10000) in paragraph at lines 166--166
\T1/cmr/m/n/8 (+20) tor-steue-rung
 []


Underfull \hbox (badness 10000) in paragraph at lines 166--166
[]|\T1/cmr/m/n/8 (+20) 12V/Masse
 []


Underfull \hbox (badness 10000) in paragraph at lines 166--166
\T1/cmr/m/n/8 (+20) Schalt-netz-teil
 []


Underfull \hbox (badness 10000) in paragraph at lines 166--166
\T1/cmr/m/n/8 (+20) Flach-steck-hül-
 []


Underfull \hbox (badness 10000) in paragraph at lines 166--166
[]|\T1/cmr/m/n/8 (+20) Kaltgerätean-
 []


Underfull \hbox (badness 10000) in paragraph at lines 166--166
\T1/cmr/m/n/8 (+20) schluss auf
 []


Underfull \hbox (badness 10000) in paragraph at lines 166--166
[]|\T1/cmr/m/n/8 (+20) 2 x Micro-
 []


Underfull \hbox (badness 10000) in paragraph at lines 166--166
[]|\T1/cmr/m/n/8 (+20) TMLS auf
 []


Underfull \hbox (badness 10000) in paragraph at lines 166--166
[]|\T1/cmr/m/n/8 (+20) TMLS auf
 []


Underfull \hbox (badness 10000) in paragraph at lines 166--166
[]|\T1/cmr/m/n/8 (+20) TMLS auf
 []


Overfull \vbox (13.88905pt too high) has occurred while \output is active []


[9]
Overfull \hbox (3.30482pt too wide) in paragraph at lines 188--188
[]|\T1/cmr/bx/n/8 (-20) Pos.| 
 []


Overfull \hbox (6.73668pt too wide) in paragraph at lines 188--188
[]|\T1/cmr/bx/n/8 (-20) Anzahl| 
 []

<Images/Schaltplan1.png, id=209, 1261.7685pt x 993.0555pt>
File: Images/Schaltplan1.png Graphic file (type png)
<use Images/Schaltplan1.png>
Package pdftex.def Info: Images/Schaltplan1.png  used on input line 198.
(pdftex.def)             Requested size: 432.48192pt x 340.37706pt.

Underfull \vbox (badness 10000) has occurred while \output is active []

 [10])
(./Chapters/de/Montage.tex [11 <./Images/Schaltplan1.png>] [12


]
chapter 2.
<Images/1Schr.jpg, id=226, 3035.34pt x 2740.2375pt>
File: Images/1Schr.jpg Graphic file (type jpg)
<use Images/1Schr.jpg>
Package pdftex.def Info: Images/1Schr.jpg  used on input line 30.
(pdftex.def)             Requested size: 432.48192pt x 390.40428pt.

Underfull \hbox (badness 2495) in paragraph at lines 31--31
[][][]\T1/cmr/m/n/12 (+20) Erster Schritt: Mon^^?tie^^?ren Schalt^^?netz^^?teil
, Ent^^?wick^^?ler^^?board und
 []


Underfull \vbox (badness 3189) has occurred while \output is active []

 [13]
[14 <./Images/1Schr.JPG>]
<Images/2Schr.jpg, id=245, 3035.34pt x 2718.155pt>
File: Images/2Schr.jpg Graphic file (type jpg)
<use Images/2Schr.jpg>
Package pdftex.def Info: Images/2Schr.jpg  used on input line 48.
(pdftex.def)             Requested size: 432.48192pt x 387.25816pt.
 [15 <./Images/2Schr.JPG>]
<Images/3Schr.jpg, id=254, 3035.34pt x 2644.88126pt>
File: Images/3Schr.jpg Graphic file (type jpg)
<use Images/3Schr.jpg>
Package pdftex.def Info: Images/3Schr.jpg  used on input line 66.
(pdftex.def)             Requested size: 432.48192pt x 376.81879pt.
<Images/4Schr.jpg, id=256, 3249.13875pt x 1463.4675pt>
File: Images/4Schr.jpg Graphic file (type jpg)
<use Images/4Schr.jpg>
Package pdftex.def Info: Images/4Schr.jpg  used on input line 81.
(pdftex.def)             Requested size: 432.48192pt x 194.79057pt.
 [16 <./Images/3Schr.JPG>]
<Images/5Schr.jpg, id=265, 3035.34pt x 2887.78876pt>
File: Images/5Schr.jpg Graphic file (type jpg)
<use Images/5Schr.jpg>
Package pdftex.def Info: Images/5Schr.jpg  used on input line 97.
(pdftex.def)             Requested size: 432.48192pt x 411.42606pt.

Underfull \vbox (badness 10000) has occurred while \output is active []

 [17 <./Images/4Schr.JPG>]
<Images/6Schr.jpg, id=274, 3035.34pt x 1878.01625pt>
File: Images/6Schr.jpg Graphic file (type jpg)
<use Images/6Schr.jpg>
Package pdftex.def Info: Images/6Schr.jpg  used on input line 112.
(pdftex.def)             Requested size: 432.48192pt x 267.56279pt.

Underfull \vbox (badness 4060) has occurred while \output is active []

 [18 <./Images/5Schr.JPG>]
<Images/7Schr.jpg, id=282, 3034.33624pt x 2976.11874pt>
File: Images/7Schr.jpg Graphic file (type jpg)
<use Images/7Schr.jpg>
Package pdftex.def Info: Images/7Schr.jpg  used on input line 131.
(pdftex.def)             Requested size: 432.48192pt x 424.14674pt.
 [19 <./Images/6Schr.JPG>]
<Images/8Schr.jpg, id=294, 2907.86375pt x 2908.8675pt>
File: Images/8Schr.jpg Graphic file (type jpg)
<use Images/8Schr.jpg>
Package pdftex.def Info: Images/8Schr.jpg  used on input line 147.
(pdftex.def)             Requested size: 432.48192pt x 432.62729pt.
 [20 <./Images/7Schr.JPG>]
<Images/9Schr.jpg, id=302, 4047.12pt x 1028.84375pt>
File: Images/9Schr.jpg Graphic file (type jpg)
<use Images/9Schr.jpg>
Package pdftex.def Info: Images/9Schr.jpg  used on input line 162.
(pdftex.def)             Requested size: 432.48192pt x 109.9392pt.
 [21 <./Images/8Schr.JPG>]
<Images/10Schr.jpg, id=310, 971.3088pt x 728.4816pt>
File: Images/10Schr.jpg Graphic file (type jpg)
<use Images/10Schr.jpg>
Package pdftex.def Info: Images/10Schr.jpg  used on input line 178.
(pdftex.def)             Requested size: 432.48192pt x 324.36781pt.

Underfull \vbox (badness 10000) has occurred while \output is active []

 [22 <./Images/9Schr.JPG>]
<Images/11Schr.jpg, id=319, 3034.33624pt x 2015.53pt>
File: Images/11Schr.jpg Graphic file (type jpg)
<use Images/11Schr.jpg>
Package pdftex.def Info: Images/11Schr.jpg  used on input line 197.
(pdftex.def)             Requested size: 432.48192pt x 287.24677pt.
 [23 <./Images/10Schr.JPG>]
File: Images/11Schr.jpg Graphic file (type jpg)
<use Images/11Schr.jpg>
Package pdftex.def Info: Images/11Schr.jpg  used on input line 212.
(pdftex.def)             Requested size: 432.48192pt x 287.24677pt.

Underfull \vbox (badness 10000) has occurred while \output is active []

 [24 <./Images/11Schr.JPG>]
<Images/13Schr.jpg, id=337, 971.3088pt x 728.4816pt>
File: Images/13Schr.jpg Graphic file (type jpg)
<use Images/13Schr.jpg>
Package pdftex.def Info: Images/13Schr.jpg  used on input line 228.
(pdftex.def)             Requested size: 432.48192pt x 324.36781pt.

Underfull \vbox (badness 10000) has occurred while \output is active []

 [25])
[26 <./Images/13Schr.JPG>] (./MontageAnleitung.aux)
 ***********
LaTeX2e <2023-11-01> patch level 1
L3 programming layer <2024-03-14>
 ***********


LaTeX Warning: There were undefined references.

Package rerunfilecheck Info: File `MontageAnleitung.out' has not changed.
(rerunfilecheck)             Checksum: D41D8CD98F00B204E9800998ECF8427E;0.

Package biblatex Warning: Please (re)run Biber on the file:
(biblatex)                MontageAnleitung
(biblatex)                and rerun LaTeX afterwards.

Package logreq Info: Writing requests to 'MontageAnleitung.run.xml'.
\openout1 = `MontageAnleitung.run.xml'.

 ) 
Here is how much of TeX's memory you used:
 36745 strings out of 474103
 827830 string characters out of 5747481
 1957496 words of memory out of 5000000
 58434 multiletter control sequences out of 15000+600000
 600664 words of font info for 214 fonts, out of 8000000 for 9000
 1148 hyphenation exceptions out of 8191
 108i,10n,107p,10911b,2477s stack positions out of 10000i,1000n,20000p,200000b,200000s
<c:/texlive/2024/texmf-dist/fonts/type1/public/amsfonts/cm/cmmi12.pfb><c:/tex
live/2024/texmf-dist/fonts/type1/public/amsfonts/cm/cmr12.pfb><c:/texlive/2024/
texmf-dist/fonts/type1/public/amsfonts/cm/cmsy10.pfb><c:/texlive/2024/texmf-dis
t/fonts/type1/public/cm-super/sfbx0800.pfb><c:/texlive/2024/texmf-dist/fonts/ty
pe1/public/cm-super/sfrm0800.pfb><c:/texlive/2024/texmf-dist/fonts/type1/public
/cm-super/sfrm1095.pfb><c:/texlive/2024/texmf-dist/fonts/type1/public/cm-super/
sfrm1200.pfb><c:/texlive/2024/texmf-dist/fonts/type1/public/cm-super/sfrm1440.p
fb><c:/texlive/2024/texmf-dist/fonts/type1/public/cm-super/sfsl1200.pfb><c:/tex
live/2024/texmf-dist/fonts/type1/public/cm-super/sfsl2074.pfb><c:/texlive/2024/
texmf-dist/fonts/type1/public/cm-super/sfss2074.pfb><c:/texlive/2024/texmf-dist
/fonts/type1/public/cm-super/sfsx1200.pfb><c:/texlive/2024/texmf-dist/fonts/typ
e1/public/cm-super/sfsx1728.pfb><c:/texlive/2024/texmf-dist/fonts/type1/public/
cm-super/sfsx2488.pfb><c:/texlive/2024/texmf-dist/fonts/type1/public/cm-super/s
fti1200.pfb><c:/texlive/2024/texmf-dist/fonts/type1/public/cm-super/sftt1095.pf
b>
Output written on MontageAnleitung.pdf (34 pages, 25555804 bytes).
PDF statistics:
 530 PDF objects out of 1000 (max. 8388607)
 437 compressed objects within 5 object streams
 125 named destinations out of 1000 (max. 500000)
 39736 words of extra memory for PDF output out of 42996 (max. 10000000)

